2025-05-11 14:49:46,072 - INFO - Using device: cuda
2025-05-11 14:49:46,072 - INFO - Starting training for 128 epochs from scratch
2025-05-11 14:50:11,753 - INFO - Training losses for epoch 1: Total=0.1477, Recon=0.1294, KL=18.3370
2025-05-11 14:50:12,590 - INFO - Best model saved to ./Train Data/Checkpoints/train 1\best_model.pth
2025-05-11 14:50:12,590 - INFO - Testing losses for epoch 1: Total=0.1058, Recon=0.1013, KL=4.4798

2025-05-11 14:50:14,864 - INFO - Checkpoint saved to ./Train Data/Checkpoints/train 1\model_epoch_1.pth
2025-05-11 14:50:26,453 - INFO - Training losses for epoch 2: Total=0.1084, Recon=0.1017, KL=6.6575
2025-05-11 14:50:27,312 - INFO - Best model saved to ./Train Data/Checkpoints/train 1\best_model.pth
2025-05-11 14:50:27,313 - INFO - Testing losses for epoch 2: Total=0.0988, Recon=0.0931, KL=5.6334

2025-05-11 14:50:29,658 - INFO - Checkpoint saved to ./Train Data/Checkpoints/train 1\model_epoch_2.pth
2025-05-11 14:50:41,244 - INFO - Training losses for epoch 3: Total=0.1017, Recon=0.0948, KL=6.8455
2025-05-11 14:50:42,191 - INFO - Testing losses for epoch 3: Total=0.1021, Recon=0.0950, KL=7.0883

2025-05-11 14:50:44,558 - INFO - Checkpoint saved to ./Train Data/Checkpoints/train 1\model_epoch_3.pth
2025-05-11 14:50:56,354 - INFO - Training losses for epoch 4: Total=0.0991, Recon=0.0921, KL=7.0389
2025-05-11 14:50:57,249 - INFO - Best model saved to ./Train Data/Checkpoints/train 1\best_model.pth
2025-05-11 14:50:57,249 - INFO - Testing losses for epoch 4: Total=0.0971, Recon=0.0910, KL=6.0608

2025-05-11 14:50:59,691 - INFO - Checkpoint saved to ./Train Data/Checkpoints/train 1\model_epoch_4.pth
2025-05-11 14:51:11,171 - INFO - Training losses for epoch 5: Total=0.0972, Recon=0.0902, KL=7.0429
2025-05-11 14:51:12,025 - INFO - Best model saved to ./Train Data/Checkpoints/train 1\best_model.pth
2025-05-11 14:51:12,025 - INFO - Testing losses for epoch 5: Total=0.0931, Recon=0.0870, KL=6.0438

2025-05-11 14:51:14,455 - INFO - Checkpoint saved to ./Train Data/Checkpoints/train 1\model_epoch_5.pth
2025-05-11 14:51:25,977 - INFO - Training losses for epoch 6: Total=0.0957, Recon=0.0887, KL=7.0309
2025-05-11 14:51:26,840 - INFO - Best model saved to ./Train Data/Checkpoints/train 1\best_model.pth
2025-05-11 14:51:26,840 - INFO - Testing losses for epoch 6: Total=0.0925, Recon=0.0862, KL=6.3579

2025-05-11 14:51:29,211 - INFO - Checkpoint saved to ./Train Data/Checkpoints/train 1\model_epoch_6.pth
2025-05-11 14:51:40,531 - INFO - Training losses for epoch 7: Total=0.0944, Recon=0.0873, KL=7.0572
2025-05-11 14:51:41,498 - INFO - Best model saved to ./Train Data/Checkpoints/train 1\best_model.pth
2025-05-11 14:51:41,499 - INFO - Testing losses for epoch 7: Total=0.0906, Recon=0.0845, KL=6.1582

2025-05-11 14:51:43,823 - INFO - Checkpoint saved to ./Train Data/Checkpoints/train 1\model_epoch_7.pth
2025-05-11 14:51:55,385 - INFO - Training losses for epoch 8: Total=0.0928, Recon=0.0859, KL=6.8304
2025-05-11 14:51:56,272 - INFO - Best model saved to ./Train Data/Checkpoints/train 1\best_model.pth
2025-05-11 14:51:56,272 - INFO - Testing losses for epoch 8: Total=0.0883, Recon=0.0822, KL=6.0654

2025-05-11 14:51:58,587 - INFO - Checkpoint saved to ./Train Data/Checkpoints/train 1\model_epoch_8.pth
2025-05-11 14:52:10,069 - INFO - Training losses for epoch 9: Total=0.0912, Recon=0.0845, KL=6.6728
2025-05-11 14:52:10,969 - INFO - Best model saved to ./Train Data/Checkpoints/train 1\best_model.pth
2025-05-11 14:52:10,970 - INFO - Testing losses for epoch 9: Total=0.0878, Recon=0.0818, KL=5.9930

2025-05-11 14:52:13,344 - INFO - Checkpoint saved to ./Train Data/Checkpoints/train 1\model_epoch_9.pth
2025-05-11 14:52:25,036 - INFO - Training losses for epoch 10: Total=0.0897, Recon=0.0832, KL=6.5291
2025-05-11 14:52:25,907 - INFO - Testing losses for epoch 10: Total=0.0883, Recon=0.0825, KL=5.7999

2025-05-11 14:52:28,181 - INFO - Checkpoint saved to ./Train Data/Checkpoints/train 1\model_epoch_10.pth
2025-05-11 14:52:39,643 - INFO - Training losses for epoch 11: Total=0.0888, Recon=0.0823, KL=6.5146
2025-05-11 14:52:40,496 - INFO - Testing losses for epoch 11: Total=0.0882, Recon=0.0816, KL=6.5439

2025-05-11 14:52:42,855 - INFO - Checkpoint saved to ./Train Data/Checkpoints/train 1\model_epoch_11.pth
2025-05-11 14:52:54,417 - INFO - Training losses for epoch 12: Total=0.0876, Recon=0.0812, KL=6.3793
2025-05-11 14:52:55,303 - INFO - Best model saved to ./Train Data/Checkpoints/train 1\best_model.pth
2025-05-11 14:52:55,303 - INFO - Testing losses for epoch 12: Total=0.0859, Recon=0.0803, KL=5.6440

2025-05-11 14:52:57,694 - INFO - Checkpoint saved to ./Train Data/Checkpoints/train 1\model_epoch_12.pth
2025-05-11 14:53:09,013 - INFO - Training losses for epoch 13: Total=0.0864, Recon=0.0801, KL=6.3202
2025-05-11 14:53:09,845 - INFO - Best model saved to ./Train Data/Checkpoints/train 1\best_model.pth
2025-05-11 14:53:09,846 - INFO - Testing losses for epoch 13: Total=0.0849, Recon=0.0788, KL=6.0900

2025-05-11 14:53:11,984 - INFO - Checkpoint saved to ./Train Data/Checkpoints/train 1\model_epoch_13.pth
2025-05-11 14:53:23,488 - INFO - Training losses for epoch 14: Total=0.0856, Recon=0.0793, KL=6.2962
2025-05-11 14:53:24,348 - INFO - Best model saved to ./Train Data/Checkpoints/train 1\best_model.pth
2025-05-11 14:53:24,348 - INFO - Testing losses for epoch 14: Total=0.0847, Recon=0.0787, KL=6.0379

2025-05-11 14:53:26,592 - INFO - Checkpoint saved to ./Train Data/Checkpoints/train 1\model_epoch_14.pth
2025-05-11 14:53:38,210 - INFO - Training losses for epoch 15: Total=0.0850, Recon=0.0787, KL=6.2815
2025-05-11 14:53:39,094 - INFO - Best model saved to ./Train Data/Checkpoints/train 1\best_model.pth
2025-05-11 14:53:39,094 - INFO - Testing losses for epoch 15: Total=0.0844, Recon=0.0784, KL=6.0079

2025-05-11 14:53:41,542 - INFO - Checkpoint saved to ./Train Data/Checkpoints/train 1\model_epoch_15.pth
2025-05-11 14:53:53,307 - INFO - Training losses for epoch 16: Total=0.0844, Recon=0.0782, KL=6.2826
2025-05-11 14:53:54,287 - INFO - Best model saved to ./Train Data/Checkpoints/train 1\best_model.pth
2025-05-11 14:53:54,288 - INFO - Testing losses for epoch 16: Total=0.0841, Recon=0.0778, KL=6.2223

2025-05-11 14:53:56,642 - INFO - Checkpoint saved to ./Train Data/Checkpoints/train 1\model_epoch_16.pth
2025-05-11 14:54:08,528 - INFO - Training losses for epoch 17: Total=0.0838, Recon=0.0775, KL=6.2730
2025-05-11 14:54:09,445 - INFO - Best model saved to ./Train Data/Checkpoints/train 1\best_model.pth
2025-05-11 14:54:09,446 - INFO - Testing losses for epoch 17: Total=0.0833, Recon=0.0772, KL=6.0736

2025-05-11 14:54:11,805 - INFO - Checkpoint saved to ./Train Data/Checkpoints/train 1\model_epoch_17.pth
2025-05-11 14:54:23,350 - INFO - Training losses for epoch 18: Total=0.0833, Recon=0.0770, KL=6.2875
2025-05-11 14:54:24,224 - INFO - Testing losses for epoch 18: Total=0.0836, Recon=0.0773, KL=6.3030

2025-05-11 14:54:26,625 - INFO - Checkpoint saved to ./Train Data/Checkpoints/train 1\model_epoch_18.pth
2025-05-11 14:54:38,481 - INFO - Training losses for epoch 19: Total=0.0829, Recon=0.0766, KL=6.2901
2025-05-11 14:54:39,372 - INFO - Best model saved to ./Train Data/Checkpoints/train 1\best_model.pth
2025-05-11 14:54:39,372 - INFO - Testing losses for epoch 19: Total=0.0831, Recon=0.0768, KL=6.2471

2025-05-11 14:54:41,741 - INFO - Checkpoint saved to ./Train Data/Checkpoints/train 1\model_epoch_19.pth
2025-05-11 14:54:53,620 - INFO - Training losses for epoch 20: Total=0.0827, Recon=0.0764, KL=6.3212
2025-05-11 14:54:54,526 - INFO - Best model saved to ./Train Data/Checkpoints/train 1\best_model.pth
2025-05-11 14:54:54,526 - INFO - Testing losses for epoch 20: Total=0.0825, Recon=0.0760, KL=6.5434

2025-05-11 14:54:57,001 - INFO - Checkpoint saved to ./Train Data/Checkpoints/train 1\model_epoch_20.pth
2025-05-11 14:55:08,752 - INFO - Training losses for epoch 21: Total=0.0822, Recon=0.0759, KL=6.3442
2025-05-11 14:55:09,599 - INFO - Testing losses for epoch 21: Total=0.0827, Recon=0.0762, KL=6.4259

2025-05-11 14:55:11,948 - INFO - Checkpoint saved to ./Train Data/Checkpoints/train 1\model_epoch_21.pth
2025-05-11 14:55:23,681 - INFO - Training losses for epoch 22: Total=0.0820, Recon=0.0757, KL=6.3468
2025-05-11 14:55:24,540 - INFO - Best model saved to ./Train Data/Checkpoints/train 1\best_model.pth
2025-05-11 14:55:24,541 - INFO - Testing losses for epoch 22: Total=0.0822, Recon=0.0758, KL=6.3712

2025-05-11 14:55:26,884 - INFO - Checkpoint saved to ./Train Data/Checkpoints/train 1\model_epoch_22.pth
2025-05-11 14:55:38,562 - INFO - Training losses for epoch 23: Total=0.0817, Recon=0.0754, KL=6.3520
2025-05-11 14:55:39,429 - INFO - Best model saved to ./Train Data/Checkpoints/train 1\best_model.pth
2025-05-11 14:55:39,429 - INFO - Testing losses for epoch 23: Total=0.0817, Recon=0.0752, KL=6.5407

2025-05-11 14:55:41,827 - INFO - Checkpoint saved to ./Train Data/Checkpoints/train 1\model_epoch_23.pth
2025-05-11 14:55:53,517 - INFO - Training losses for epoch 24: Total=0.0815, Recon=0.0751, KL=6.3807
2025-05-11 14:55:54,364 - INFO - Testing losses for epoch 24: Total=0.0821, Recon=0.0760, KL=6.0768

2025-05-11 14:55:56,824 - INFO - Checkpoint saved to ./Train Data/Checkpoints/train 1\model_epoch_24.pth
2025-05-11 14:56:08,401 - INFO - Training losses for epoch 25: Total=0.0813, Recon=0.0749, KL=6.3998
2025-05-11 14:56:09,394 - INFO - Testing losses for epoch 25: Total=0.0818, Recon=0.0757, KL=6.1041

2025-05-11 14:56:11,721 - INFO - Checkpoint saved to ./Train Data/Checkpoints/train 1\model_epoch_25.pth
2025-05-11 14:56:23,369 - INFO - Training losses for epoch 26: Total=0.0811, Recon=0.0747, KL=6.4160
2025-05-11 14:56:24,270 - INFO - Best model saved to ./Train Data/Checkpoints/train 1\best_model.pth
2025-05-11 14:56:24,270 - INFO - Testing losses for epoch 26: Total=0.0815, Recon=0.0750, KL=6.4382

2025-05-11 14:56:26,581 - INFO - Checkpoint saved to ./Train Data/Checkpoints/train 1\model_epoch_26.pth
2025-05-11 14:56:38,235 - INFO - Training losses for epoch 27: Total=0.0809, Recon=0.0745, KL=6.4178
2025-05-11 14:56:39,113 - INFO - Testing losses for epoch 27: Total=0.0815, Recon=0.0748, KL=6.6909

2025-05-11 14:56:41,534 - INFO - Checkpoint saved to ./Train Data/Checkpoints/train 1\model_epoch_27.pth
2025-05-11 14:56:53,003 - INFO - Training losses for epoch 28: Total=0.0808, Recon=0.0743, KL=6.4266
2025-05-11 14:56:53,981 - INFO - Best model saved to ./Train Data/Checkpoints/train 1\best_model.pth
2025-05-11 14:56:53,981 - INFO - Testing losses for epoch 28: Total=0.0809, Recon=0.0746, KL=6.3619

2025-05-11 14:56:56,326 - INFO - Checkpoint saved to ./Train Data/Checkpoints/train 1\model_epoch_28.pth
2025-05-11 14:57:08,708 - INFO - Training losses for epoch 29: Total=0.0805, Recon=0.0741, KL=6.4532
2025-05-11 14:57:09,782 - INFO - Testing losses for epoch 29: Total=0.0825, Recon=0.0762, KL=6.2876

2025-05-11 14:57:13,206 - INFO - Checkpoint saved to ./Train Data/Checkpoints/train 1\model_epoch_29.pth
2025-05-11 14:57:25,958 - INFO - Training losses for epoch 30: Total=0.0805, Recon=0.0741, KL=6.4692
2025-05-11 14:57:27,070 - INFO - Testing losses for epoch 30: Total=0.0811, Recon=0.0745, KL=6.5985

2025-05-11 14:57:29,608 - INFO - Checkpoint saved to ./Train Data/Checkpoints/train 1\model_epoch_30.pth
2025-05-11 14:57:42,933 - INFO - Training losses for epoch 31: Total=0.0802, Recon=0.0738, KL=6.4718
2025-05-11 14:57:44,057 - INFO - Testing losses for epoch 31: Total=0.0816, Recon=0.0752, KL=6.4025

2025-05-11 14:57:47,121 - INFO - Checkpoint saved to ./Train Data/Checkpoints/train 1\model_epoch_31.pth
2025-05-11 14:58:01,146 - INFO - Training losses for epoch 32: Total=0.0801, Recon=0.0736, KL=6.4895
2025-05-11 14:58:02,314 - INFO - Testing losses for epoch 32: Total=0.0811, Recon=0.0749, KL=6.2004

2025-05-11 14:58:05,048 - INFO - Checkpoint saved to ./Train Data/Checkpoints/train 1\model_epoch_32.pth
2025-05-11 14:58:17,122 - INFO - Training losses for epoch 33: Total=0.0800, Recon=0.0735, KL=6.4998
2025-05-11 14:58:18,014 - INFO - Best model saved to ./Train Data/Checkpoints/train 1\best_model.pth
2025-05-11 14:58:18,014 - INFO - Testing losses for epoch 33: Total=0.0809, Recon=0.0744, KL=6.5334

2025-05-11 14:58:20,444 - INFO - Checkpoint saved to ./Train Data/Checkpoints/train 1\model_epoch_33.pth
2025-05-11 14:58:32,127 - INFO - Training losses for epoch 34: Total=0.0798, Recon=0.0733, KL=6.4969
2025-05-11 14:58:33,138 - INFO - Testing losses for epoch 34: Total=0.0809, Recon=0.0741, KL=6.7709

2025-05-11 14:58:35,589 - INFO - Checkpoint saved to ./Train Data/Checkpoints/train 1\model_epoch_34.pth
2025-05-11 14:58:47,365 - INFO - Training losses for epoch 35: Total=0.0796, Recon=0.0731, KL=6.5259
2025-05-11 14:58:48,302 - INFO - Best model saved to ./Train Data/Checkpoints/train 1\best_model.pth
2025-05-11 14:58:48,303 - INFO - Testing losses for epoch 35: Total=0.0809, Recon=0.0746, KL=6.3227

2025-05-11 14:58:50,719 - INFO - Checkpoint saved to ./Train Data/Checkpoints/train 1\model_epoch_35.pth
2025-05-11 14:59:02,487 - INFO - Training losses for epoch 36: Total=0.0796, Recon=0.0731, KL=6.5372
2025-05-11 14:59:03,503 - INFO - Testing losses for epoch 36: Total=0.0810, Recon=0.0746, KL=6.3359

2025-05-11 14:59:05,814 - INFO - Checkpoint saved to ./Train Data/Checkpoints/train 1\model_epoch_36.pth
2025-05-11 14:59:17,493 - INFO - Training losses for epoch 37: Total=0.0795, Recon=0.0729, KL=6.5360
2025-05-11 14:59:18,402 - INFO - Best model saved to ./Train Data/Checkpoints/train 1\best_model.pth
2025-05-11 14:59:18,402 - INFO - Testing losses for epoch 37: Total=0.0809, Recon=0.0746, KL=6.3056

2025-05-11 14:59:20,782 - INFO - Checkpoint saved to ./Train Data/Checkpoints/train 1\model_epoch_37.pth
2025-05-11 14:59:32,736 - INFO - Training losses for epoch 38: Total=0.0794, Recon=0.0729, KL=6.5514
2025-05-11 14:59:33,648 - INFO - Best model saved to ./Train Data/Checkpoints/train 1\best_model.pth
2025-05-11 14:59:33,649 - INFO - Testing losses for epoch 38: Total=0.0808, Recon=0.0742, KL=6.5791

2025-05-11 14:59:36,087 - INFO - Checkpoint saved to ./Train Data/Checkpoints/train 1\model_epoch_38.pth
2025-05-11 14:59:47,673 - INFO - Training losses for epoch 39: Total=0.0792, Recon=0.0727, KL=6.5600
2025-05-11 14:59:48,652 - INFO - Testing losses for epoch 39: Total=0.0809, Recon=0.0745, KL=6.4634

2025-05-11 14:59:50,966 - INFO - Checkpoint saved to ./Train Data/Checkpoints/train 1\model_epoch_39.pth
2025-05-11 15:00:02,646 - INFO - Training losses for epoch 40: Total=0.0791, Recon=0.0726, KL=6.5601
2025-05-11 15:00:03,587 - INFO - Testing losses for epoch 40: Total=0.0808, Recon=0.0744, KL=6.4208

2025-05-11 15:00:06,062 - INFO - Checkpoint saved to ./Train Data/Checkpoints/train 1\model_epoch_40.pth
2025-05-11 15:00:18,034 - INFO - Training losses for epoch 41: Total=0.0791, Recon=0.0725, KL=6.5650
2025-05-11 15:00:18,932 - INFO - Best model saved to ./Train Data/Checkpoints/train 1\best_model.pth
2025-05-11 15:00:18,933 - INFO - Testing losses for epoch 41: Total=0.0808, Recon=0.0743, KL=6.4933

2025-05-11 15:00:21,349 - INFO - Checkpoint saved to ./Train Data/Checkpoints/train 1\model_epoch_41.pth
2025-05-11 15:00:33,140 - INFO - Training losses for epoch 42: Total=0.0789, Recon=0.0723, KL=6.5694
2025-05-11 15:00:33,997 - INFO - Best model saved to ./Train Data/Checkpoints/train 1\best_model.pth
2025-05-11 15:00:33,998 - INFO - Testing losses for epoch 42: Total=0.0805, Recon=0.0739, KL=6.5583

2025-05-11 15:00:36,310 - INFO - Checkpoint saved to ./Train Data/Checkpoints/train 1\model_epoch_42.pth
2025-05-11 15:00:48,014 - INFO - Training losses for epoch 43: Total=0.0789, Recon=0.0723, KL=6.5870
2025-05-11 15:00:48,888 - INFO - Testing losses for epoch 43: Total=0.0808, Recon=0.0743, KL=6.5051

2025-05-11 15:00:51,301 - INFO - Checkpoint saved to ./Train Data/Checkpoints/train 1\model_epoch_43.pth
2025-05-11 15:01:02,835 - INFO - Training losses for epoch 44: Total=0.0787, Recon=0.0721, KL=6.6047
2025-05-11 15:01:03,693 - INFO - Testing losses for epoch 44: Total=0.0807, Recon=0.0742, KL=6.4909

2025-05-11 15:01:05,960 - INFO - Checkpoint saved to ./Train Data/Checkpoints/train 1\model_epoch_44.pth
2025-05-11 15:01:17,253 - INFO - Training losses for epoch 45: Total=0.0786, Recon=0.0720, KL=6.6115
2025-05-11 15:01:18,235 - INFO - Best model saved to ./Train Data/Checkpoints/train 1\best_model.pth
2025-05-11 15:01:18,235 - INFO - Testing losses for epoch 45: Total=0.0804, Recon=0.0739, KL=6.4457

2025-05-11 15:01:20,485 - INFO - Checkpoint saved to ./Train Data/Checkpoints/train 1\model_epoch_45.pth
2025-05-11 15:01:32,198 - INFO - Training losses for epoch 46: Total=0.0785, Recon=0.0719, KL=6.6244
2025-05-11 15:01:33,096 - INFO - Best model saved to ./Train Data/Checkpoints/train 1\best_model.pth
2025-05-11 15:01:33,096 - INFO - Testing losses for epoch 46: Total=0.0803, Recon=0.0738, KL=6.5333

2025-05-11 15:01:35,471 - INFO - Checkpoint saved to ./Train Data/Checkpoints/train 1\model_epoch_46.pth
2025-05-11 15:01:47,254 - INFO - Training losses for epoch 47: Total=0.0784, Recon=0.0718, KL=6.6271
2025-05-11 15:01:48,102 - INFO - Testing losses for epoch 47: Total=0.0806, Recon=0.0742, KL=6.3911

2025-05-11 15:01:50,594 - INFO - Checkpoint saved to ./Train Data/Checkpoints/train 1\model_epoch_47.pth
2025-05-11 15:02:02,248 - INFO - Training losses for epoch 48: Total=0.0784, Recon=0.0718, KL=6.6213
2025-05-11 15:02:03,131 - INFO - Best model saved to ./Train Data/Checkpoints/train 1\best_model.pth
2025-05-11 15:02:03,131 - INFO - Testing losses for epoch 48: Total=0.0801, Recon=0.0736, KL=6.5190

2025-05-11 15:02:05,487 - INFO - Checkpoint saved to ./Train Data/Checkpoints/train 1\model_epoch_48.pth
2025-05-11 15:02:17,185 - INFO - Training losses for epoch 49: Total=0.0784, Recon=0.0717, KL=6.6434
2025-05-11 15:02:18,153 - INFO - Testing losses for epoch 49: Total=0.0804, Recon=0.0737, KL=6.7314

2025-05-11 15:02:20,451 - INFO - Checkpoint saved to ./Train Data/Checkpoints/train 1\model_epoch_49.pth
2025-05-11 15:02:32,219 - INFO - Training losses for epoch 50: Total=0.0783, Recon=0.0717, KL=6.6427
2025-05-11 15:02:33,102 - INFO - Testing losses for epoch 50: Total=0.0801, Recon=0.0736, KL=6.4622

2025-05-11 15:02:35,560 - INFO - Checkpoint saved to ./Train Data/Checkpoints/train 1\model_epoch_50.pth
2025-05-11 15:02:47,333 - INFO - Training losses for epoch 51: Total=0.0782, Recon=0.0715, KL=6.6440
2025-05-11 15:02:48,299 - INFO - Testing losses for epoch 51: Total=0.0806, Recon=0.0739, KL=6.7104

2025-05-11 15:02:50,771 - INFO - Checkpoint saved to ./Train Data/Checkpoints/train 1\model_epoch_51.pth
2025-05-11 15:03:02,389 - INFO - Training losses for epoch 52: Total=0.0781, Recon=0.0714, KL=6.6561
2025-05-11 15:03:03,368 - INFO - Testing losses for epoch 52: Total=0.0802, Recon=0.0737, KL=6.5368

2025-05-11 15:03:05,717 - INFO - Checkpoint saved to ./Train Data/Checkpoints/train 1\model_epoch_52.pth
2025-05-11 15:03:17,563 - INFO - Training losses for epoch 53: Total=0.0780, Recon=0.0714, KL=6.6595
2025-05-11 15:03:18,420 - INFO - Testing losses for epoch 53: Total=0.0804, Recon=0.0737, KL=6.7221

2025-05-11 15:03:20,730 - INFO - Checkpoint saved to ./Train Data/Checkpoints/train 1\model_epoch_53.pth
2025-05-11 15:03:32,397 - INFO - Training losses for epoch 54: Total=0.0779, Recon=0.0713, KL=6.6706
2025-05-11 15:03:33,288 - INFO - Testing losses for epoch 54: Total=0.0806, Recon=0.0739, KL=6.6341

2025-05-11 15:03:35,682 - INFO - Checkpoint saved to ./Train Data/Checkpoints/train 1\model_epoch_54.pth
2025-05-11 15:03:47,215 - INFO - Training losses for epoch 55: Total=0.0779, Recon=0.0712, KL=6.6702
2025-05-11 15:03:48,187 - INFO - Testing losses for epoch 55: Total=0.0801, Recon=0.0736, KL=6.5612

2025-05-11 15:03:50,511 - INFO - Checkpoint saved to ./Train Data/Checkpoints/train 1\model_epoch_55.pth
2025-05-11 15:04:02,231 - INFO - Training losses for epoch 56: Total=0.0778, Recon=0.0711, KL=6.6716
2025-05-11 15:04:03,085 - INFO - Testing losses for epoch 56: Total=0.0801, Recon=0.0735, KL=6.6235

2025-05-11 15:04:05,392 - INFO - Checkpoint saved to ./Train Data/Checkpoints/train 1\model_epoch_56.pth
2025-05-11 15:04:17,571 - INFO - Training losses for epoch 57: Total=0.0777, Recon=0.0711, KL=6.6882
2025-05-11 15:04:18,436 - INFO - Best model saved to ./Train Data/Checkpoints/train 1\best_model.pth
2025-05-11 15:04:18,437 - INFO - Testing losses for epoch 57: Total=0.0799, Recon=0.0734, KL=6.5078

2025-05-11 15:04:20,848 - INFO - Checkpoint saved to ./Train Data/Checkpoints/train 1\model_epoch_57.pth
2025-05-11 15:04:33,050 - INFO - Training losses for epoch 58: Total=0.0777, Recon=0.0710, KL=6.6880
2025-05-11 15:04:34,061 - INFO - Testing losses for epoch 58: Total=0.0803, Recon=0.0736, KL=6.6584

2025-05-11 15:04:36,400 - INFO - Checkpoint saved to ./Train Data/Checkpoints/train 1\model_epoch_58.pth
2025-05-11 15:04:48,135 - INFO - Training losses for epoch 59: Total=0.0776, Recon=0.0709, KL=6.6950
2025-05-11 15:04:49,074 - INFO - Testing losses for epoch 59: Total=0.0801, Recon=0.0735, KL=6.5539

2025-05-11 15:04:51,395 - INFO - Checkpoint saved to ./Train Data/Checkpoints/train 1\model_epoch_59.pth
2025-05-11 15:05:03,004 - INFO - Training losses for epoch 60: Total=0.0775, Recon=0.0708, KL=6.6953
2025-05-11 15:05:03,887 - INFO - Testing losses for epoch 60: Total=0.0803, Recon=0.0735, KL=6.8071

2025-05-11 15:05:06,279 - INFO - Checkpoint saved to ./Train Data/Checkpoints/train 1\model_epoch_60.pth
2025-05-11 15:05:17,675 - INFO - Training losses for epoch 61: Total=0.0776, Recon=0.0709, KL=6.6886
2025-05-11 15:05:18,667 - INFO - Testing losses for epoch 61: Total=0.0800, Recon=0.0735, KL=6.4889

2025-05-11 15:05:21,050 - INFO - Checkpoint saved to ./Train Data/Checkpoints/train 1\model_epoch_61.pth
2025-05-11 15:05:32,797 - INFO - Training losses for epoch 62: Total=0.0775, Recon=0.0708, KL=6.7164
2025-05-11 15:05:33,682 - INFO - Testing losses for epoch 62: Total=0.0801, Recon=0.0733, KL=6.8029

2025-05-11 15:05:36,138 - INFO - Checkpoint saved to ./Train Data/Checkpoints/train 1\model_epoch_62.pth
2025-05-11 15:05:47,864 - INFO - Training losses for epoch 63: Total=0.0774, Recon=0.0707, KL=6.7310
2025-05-11 15:05:48,748 - INFO - Testing losses for epoch 63: Total=0.0802, Recon=0.0735, KL=6.7004

2025-05-11 15:05:51,187 - INFO - Checkpoint saved to ./Train Data/Checkpoints/train 1\model_epoch_63.pth
2025-05-11 15:06:02,905 - INFO - Training losses for epoch 64: Total=0.0773, Recon=0.0706, KL=6.7321
2025-05-11 15:06:03,937 - INFO - Testing losses for epoch 64: Total=0.0801, Recon=0.0734, KL=6.6366

2025-05-11 15:06:06,286 - INFO - Checkpoint saved to ./Train Data/Checkpoints/train 1\model_epoch_64.pth
2025-05-11 15:06:17,954 - INFO - Training losses for epoch 65: Total=0.0773, Recon=0.0706, KL=6.7157
2025-05-11 15:06:18,890 - INFO - Best model saved to ./Train Data/Checkpoints/train 1\best_model.pth
2025-05-11 15:06:18,891 - INFO - Testing losses for epoch 65: Total=0.0798, Recon=0.0731, KL=6.7166

2025-05-11 15:06:21,367 - INFO - Checkpoint saved to ./Train Data/Checkpoints/train 1\model_epoch_65.pth
2025-05-11 15:06:33,111 - INFO - Training losses for epoch 66: Total=0.0772, Recon=0.0705, KL=6.7174
2025-05-11 15:06:34,026 - INFO - Testing losses for epoch 66: Total=0.0803, Recon=0.0737, KL=6.5488

2025-05-11 15:06:36,516 - INFO - Checkpoint saved to ./Train Data/Checkpoints/train 1\model_epoch_66.pth
2025-05-11 15:06:48,135 - INFO - Training losses for epoch 67: Total=0.0772, Recon=0.0704, KL=6.7483
2025-05-11 15:06:49,157 - INFO - Testing losses for epoch 67: Total=0.0801, Recon=0.0735, KL=6.5945

2025-05-11 15:06:51,566 - INFO - Checkpoint saved to ./Train Data/Checkpoints/train 1\model_epoch_67.pth
2025-05-11 15:07:03,369 - INFO - Training losses for epoch 68: Total=0.0772, Recon=0.0704, KL=6.7368
2025-05-11 15:07:04,295 - INFO - Testing losses for epoch 68: Total=0.0801, Recon=0.0733, KL=6.7705

2025-05-11 15:07:06,736 - INFO - Checkpoint saved to ./Train Data/Checkpoints/train 1\model_epoch_68.pth
2025-05-11 15:07:18,310 - INFO - Training losses for epoch 69: Total=0.0771, Recon=0.0703, KL=6.7480
2025-05-11 15:07:19,235 - INFO - Testing losses for epoch 69: Total=0.0804, Recon=0.0737, KL=6.6712

2025-05-11 15:07:21,721 - INFO - Checkpoint saved to ./Train Data/Checkpoints/train 1\model_epoch_69.pth
2025-05-11 15:07:33,462 - INFO - Training losses for epoch 70: Total=0.0771, Recon=0.0703, KL=6.7460
2025-05-11 15:07:34,371 - INFO - Testing losses for epoch 70: Total=0.0800, Recon=0.0734, KL=6.6373

2025-05-11 15:07:36,755 - INFO - Checkpoint saved to ./Train Data/Checkpoints/train 1\model_epoch_70.pth
2025-05-11 15:07:48,487 - INFO - Training losses for epoch 71: Total=0.0769, Recon=0.0702, KL=6.7447
2025-05-11 15:07:49,406 - INFO - Testing losses for epoch 71: Total=0.0799, Recon=0.0733, KL=6.6798

2025-05-11 15:07:51,883 - INFO - Checkpoint saved to ./Train Data/Checkpoints/train 1\model_epoch_71.pth
2025-05-11 15:08:03,476 - INFO - Training losses for epoch 72: Total=0.0770, Recon=0.0702, KL=6.7403
2025-05-11 15:08:04,486 - INFO - Testing losses for epoch 72: Total=0.0800, Recon=0.0733, KL=6.7578

2025-05-11 15:08:06,841 - INFO - Checkpoint saved to ./Train Data/Checkpoints/train 1\model_epoch_72.pth
2025-05-11 15:08:19,025 - INFO - Training losses for epoch 73: Total=0.0769, Recon=0.0702, KL=6.7614
2025-05-11 15:08:19,948 - INFO - Testing losses for epoch 73: Total=0.0801, Recon=0.0734, KL=6.7410

2025-05-11 15:08:22,351 - INFO - Checkpoint saved to ./Train Data/Checkpoints/train 1\model_epoch_73.pth
2025-05-11 15:08:34,406 - INFO - Training losses for epoch 74: Total=0.0768, Recon=0.0701, KL=6.7577
2025-05-11 15:08:35,331 - INFO - Testing losses for epoch 74: Total=0.0804, Recon=0.0737, KL=6.6854

2025-05-11 15:08:37,758 - INFO - Checkpoint saved to ./Train Data/Checkpoints/train 1\model_epoch_74.pth
2025-05-11 15:08:49,320 - INFO - Training losses for epoch 75: Total=0.0768, Recon=0.0700, KL=6.7561
2025-05-11 15:08:50,258 - INFO - Best model saved to ./Train Data/Checkpoints/train 1\best_model.pth
2025-05-11 15:08:50,258 - INFO - Testing losses for epoch 75: Total=0.0797, Recon=0.0730, KL=6.7402

2025-05-11 15:08:52,629 - INFO - Checkpoint saved to ./Train Data/Checkpoints/train 1\model_epoch_75.pth
2025-05-11 15:09:04,301 - INFO - Training losses for epoch 76: Total=0.0768, Recon=0.0700, KL=6.7582
2025-05-11 15:09:05,211 - INFO - Testing losses for epoch 76: Total=0.0799, Recon=0.0733, KL=6.6858

2025-05-11 15:09:07,675 - INFO - Checkpoint saved to ./Train Data/Checkpoints/train 1\model_epoch_76.pth
2025-05-11 15:09:18,940 - INFO - Training losses for epoch 77: Total=0.0768, Recon=0.0700, KL=6.7748
2025-05-11 15:09:20,004 - INFO - Testing losses for epoch 77: Total=0.0801, Recon=0.0733, KL=6.7563

2025-05-11 15:09:22,305 - INFO - Checkpoint saved to ./Train Data/Checkpoints/train 1\model_epoch_77.pth
2025-05-11 15:09:34,062 - INFO - Training losses for epoch 78: Total=0.0766, Recon=0.0699, KL=6.7671
2025-05-11 15:09:35,024 - INFO - Testing losses for epoch 78: Total=0.0801, Recon=0.0733, KL=6.7755

2025-05-11 15:09:37,478 - INFO - Checkpoint saved to ./Train Data/Checkpoints/train 1\model_epoch_78.pth
2025-05-11 15:09:49,069 - INFO - Training losses for epoch 79: Total=0.0766, Recon=0.0698, KL=6.7866
2025-05-11 15:09:50,102 - INFO - Testing losses for epoch 79: Total=0.0800, Recon=0.0733, KL=6.7102

2025-05-11 15:09:52,480 - INFO - Checkpoint saved to ./Train Data/Checkpoints/train 1\model_epoch_79.pth
2025-05-11 15:10:04,272 - INFO - Training losses for epoch 80: Total=0.0766, Recon=0.0698, KL=6.8002
2025-05-11 15:10:05,191 - INFO - Testing losses for epoch 80: Total=0.0798, Recon=0.0732, KL=6.6245

2025-05-11 15:10:07,645 - INFO - Checkpoint saved to ./Train Data/Checkpoints/train 1\model_epoch_80.pth
2025-05-11 15:10:19,232 - INFO - Training losses for epoch 81: Total=0.0766, Recon=0.0698, KL=6.7704
2025-05-11 15:10:20,168 - INFO - Testing losses for epoch 81: Total=0.0800, Recon=0.0731, KL=6.9195

2025-05-11 15:10:22,609 - INFO - Checkpoint saved to ./Train Data/Checkpoints/train 1\model_epoch_81.pth
2025-05-11 15:10:34,281 - INFO - Training losses for epoch 82: Total=0.0765, Recon=0.0697, KL=6.7899
2025-05-11 15:10:35,203 - INFO - Testing losses for epoch 82: Total=0.0802, Recon=0.0737, KL=6.4241

2025-05-11 15:10:37,647 - INFO - Checkpoint saved to ./Train Data/Checkpoints/train 1\model_epoch_82.pth
2025-05-11 15:10:49,432 - INFO - Training losses for epoch 83: Total=0.0765, Recon=0.0697, KL=6.8113
2025-05-11 15:10:50,329 - INFO - Testing losses for epoch 83: Total=0.0799, Recon=0.0730, KL=6.9060

2025-05-11 15:10:52,952 - INFO - Checkpoint saved to ./Train Data/Checkpoints/train 1\model_epoch_83.pth
2025-05-11 15:11:04,683 - INFO - Training losses for epoch 84: Total=0.0765, Recon=0.0697, KL=6.8123
2025-05-11 15:11:05,720 - INFO - Testing losses for epoch 84: Total=0.0799, Recon=0.0729, KL=6.9257

2025-05-11 15:11:08,081 - INFO - Checkpoint saved to ./Train Data/Checkpoints/train 1\model_epoch_84.pth
2025-05-11 15:11:19,665 - INFO - Training losses for epoch 85: Total=0.0763, Recon=0.0696, KL=6.7943
2025-05-11 15:11:20,566 - INFO - Testing losses for epoch 85: Total=0.0798, Recon=0.0730, KL=6.7842

2025-05-11 15:11:22,911 - INFO - Checkpoint saved to ./Train Data/Checkpoints/train 1\model_epoch_85.pth
2025-05-11 15:11:34,575 - INFO - Training losses for epoch 86: Total=0.0764, Recon=0.0696, KL=6.7989
2025-05-11 15:11:35,469 - INFO - Testing losses for epoch 86: Total=0.0798, Recon=0.0731, KL=6.6661

2025-05-11 15:11:37,935 - INFO - Checkpoint saved to ./Train Data/Checkpoints/train 1\model_epoch_86.pth
2025-05-11 15:11:49,594 - INFO - Training losses for epoch 87: Total=0.0764, Recon=0.0696, KL=6.8114
2025-05-11 15:11:50,583 - INFO - Testing losses for epoch 87: Total=0.0798, Recon=0.0730, KL=6.7915

2025-05-11 15:11:53,000 - INFO - Checkpoint saved to ./Train Data/Checkpoints/train 1\model_epoch_87.pth
2025-05-11 15:12:04,591 - INFO - Training losses for epoch 88: Total=0.0763, Recon=0.0695, KL=6.8043
2025-05-11 15:12:05,488 - INFO - Testing losses for epoch 88: Total=0.0801, Recon=0.0733, KL=6.7373

2025-05-11 15:12:07,978 - INFO - Checkpoint saved to ./Train Data/Checkpoints/train 1\model_epoch_88.pth
2025-05-11 15:12:19,625 - INFO - Training losses for epoch 89: Total=0.0763, Recon=0.0695, KL=6.8127
2025-05-11 15:12:20,542 - INFO - Testing losses for epoch 89: Total=0.0799, Recon=0.0733, KL=6.6918

2025-05-11 15:12:23,050 - INFO - Checkpoint saved to ./Train Data/Checkpoints/train 1\model_epoch_89.pth
2025-05-11 15:12:34,510 - INFO - Training losses for epoch 90: Total=0.0763, Recon=0.0695, KL=6.8144
2025-05-11 15:12:35,543 - INFO - Best model saved to ./Train Data/Checkpoints/train 1\best_model.pth
2025-05-11 15:12:35,543 - INFO - Testing losses for epoch 90: Total=0.0796, Recon=0.0728, KL=6.7646

2025-05-11 15:12:37,892 - INFO - Checkpoint saved to ./Train Data/Checkpoints/train 1\model_epoch_90.pth
2025-05-11 15:12:49,558 - INFO - Training losses for epoch 91: Total=0.0762, Recon=0.0694, KL=6.8116
2025-05-11 15:12:50,461 - INFO - Testing losses for epoch 91: Total=0.0799, Recon=0.0732, KL=6.7389

2025-05-11 15:12:52,866 - INFO - Checkpoint saved to ./Train Data/Checkpoints/train 1\model_epoch_91.pth
2025-05-11 15:13:04,376 - INFO - Training losses for epoch 92: Total=0.0762, Recon=0.0694, KL=6.8359
2025-05-11 15:13:05,280 - INFO - Testing losses for epoch 92: Total=0.0798, Recon=0.0730, KL=6.8126

2025-05-11 15:13:07,660 - INFO - Checkpoint saved to ./Train Data/Checkpoints/train 1\model_epoch_92.pth
2025-05-11 15:13:18,986 - INFO - Training losses for epoch 93: Total=0.0761, Recon=0.0693, KL=6.8185
2025-05-11 15:13:19,966 - INFO - Testing losses for epoch 93: Total=0.0799, Recon=0.0730, KL=6.8434

2025-05-11 15:13:22,265 - INFO - Checkpoint saved to ./Train Data/Checkpoints/train 1\model_epoch_93.pth
2025-05-11 15:13:33,785 - INFO - Training losses for epoch 94: Total=0.0761, Recon=0.0693, KL=6.8307
2025-05-11 15:13:34,670 - INFO - Testing losses for epoch 94: Total=0.0799, Recon=0.0732, KL=6.6383

2025-05-11 15:13:37,146 - INFO - Checkpoint saved to ./Train Data/Checkpoints/train 1\model_epoch_94.pth
2025-05-11 15:13:48,655 - INFO - Training losses for epoch 95: Total=0.0761, Recon=0.0693, KL=6.8356
2025-05-11 15:13:49,686 - INFO - Testing losses for epoch 95: Total=0.0800, Recon=0.0734, KL=6.6224

2025-05-11 15:13:52,061 - INFO - Checkpoint saved to ./Train Data/Checkpoints/train 1\model_epoch_95.pth
2025-05-11 15:14:03,746 - INFO - Training losses for epoch 96: Total=0.0761, Recon=0.0692, KL=6.8406
2025-05-11 15:14:04,647 - INFO - Testing losses for epoch 96: Total=0.0801, Recon=0.0734, KL=6.6367

2025-05-11 15:14:07,043 - INFO - Checkpoint saved to ./Train Data/Checkpoints/train 1\model_epoch_96.pth
2025-05-11 15:14:18,914 - INFO - Training losses for epoch 97: Total=0.0760, Recon=0.0692, KL=6.8379
2025-05-11 15:14:19,842 - INFO - Testing losses for epoch 97: Total=0.0800, Recon=0.0732, KL=6.7966

2025-05-11 15:14:22,274 - INFO - Checkpoint saved to ./Train Data/Checkpoints/train 1\model_epoch_97.pth
2025-05-11 15:14:33,927 - INFO - Training losses for epoch 98: Total=0.0759, Recon=0.0691, KL=6.8258
2025-05-11 15:14:34,928 - INFO - Testing losses for epoch 98: Total=0.0801, Recon=0.0734, KL=6.6553

2025-05-11 15:14:37,364 - INFO - Checkpoint saved to ./Train Data/Checkpoints/train 1\model_epoch_98.pth
2025-05-11 15:14:49,154 - INFO - Training losses for epoch 99: Total=0.0759, Recon=0.0691, KL=6.8568
2025-05-11 15:14:50,055 - INFO - Testing losses for epoch 99: Total=0.0801, Recon=0.0733, KL=6.8180

2025-05-11 15:14:52,517 - INFO - Checkpoint saved to ./Train Data/Checkpoints/train 1\model_epoch_99.pth
2025-05-11 15:15:04,223 - INFO - Training losses for epoch 100: Total=0.0759, Recon=0.0691, KL=6.8322
2025-05-11 15:15:05,114 - INFO - Testing losses for epoch 100: Total=0.0799, Recon=0.0729, KL=6.9391

2025-05-11 15:15:07,594 - INFO - Checkpoint saved to ./Train Data/Checkpoints/train 1\model_epoch_100.pth
2025-05-11 15:15:19,319 - INFO - Training losses for epoch 101: Total=0.0759, Recon=0.0691, KL=6.8323
2025-05-11 15:15:20,257 - INFO - Testing losses for epoch 101: Total=0.0803, Recon=0.0736, KL=6.6937

2025-05-11 15:15:22,642 - INFO - Checkpoint saved to ./Train Data/Checkpoints/train 1\model_epoch_101.pth
2025-05-11 15:15:34,302 - INFO - Training losses for epoch 102: Total=0.0759, Recon=0.0690, KL=6.8536
2025-05-11 15:15:35,170 - INFO - Testing losses for epoch 102: Total=0.0799, Recon=0.0730, KL=6.8820

2025-05-11 15:15:37,622 - INFO - Checkpoint saved to ./Train Data/Checkpoints/train 1\model_epoch_102.pth
2025-05-11 15:15:49,101 - INFO - Training losses for epoch 103: Total=0.0758, Recon=0.0689, KL=6.8503
2025-05-11 15:15:50,041 - INFO - Testing losses for epoch 103: Total=0.0802, Recon=0.0732, KL=6.9594

2025-05-11 15:15:52,421 - INFO - Checkpoint saved to ./Train Data/Checkpoints/train 1\model_epoch_103.pth
2025-05-11 15:16:04,156 - INFO - Training losses for epoch 104: Total=0.0758, Recon=0.0690, KL=6.8491
2025-05-11 15:16:05,033 - INFO - Testing losses for epoch 104: Total=0.0806, Recon=0.0737, KL=6.8512

2025-05-11 15:16:07,482 - INFO - Checkpoint saved to ./Train Data/Checkpoints/train 1\model_epoch_104.pth
2025-05-11 15:16:19,934 - INFO - Training losses for epoch 105: Total=0.0758, Recon=0.0689, KL=6.8547
2025-05-11 15:16:20,861 - INFO - Testing losses for epoch 105: Total=0.0801, Recon=0.0733, KL=6.7415

2025-05-11 15:16:23,350 - INFO - Checkpoint saved to ./Train Data/Checkpoints/train 1\model_epoch_105.pth
2025-05-11 15:16:34,925 - INFO - Training losses for epoch 106: Total=0.0757, Recon=0.0688, KL=6.8744
2025-05-11 15:16:35,932 - INFO - Testing losses for epoch 106: Total=0.0797, Recon=0.0730, KL=6.7800

2025-05-11 15:16:38,266 - INFO - Checkpoint saved to ./Train Data/Checkpoints/train 1\model_epoch_106.pth
2025-05-11 15:16:49,840 - INFO - Training losses for epoch 107: Total=0.0757, Recon=0.0689, KL=6.8573
2025-05-11 15:16:50,700 - INFO - Testing losses for epoch 107: Total=0.0801, Recon=0.0734, KL=6.6891

2025-05-11 15:16:53,044 - INFO - Checkpoint saved to ./Train Data/Checkpoints/train 1\model_epoch_107.pth
2025-05-11 15:17:04,624 - INFO - Training losses for epoch 108: Total=0.0757, Recon=0.0689, KL=6.8663
2025-05-11 15:17:05,511 - INFO - Testing losses for epoch 108: Total=0.0800, Recon=0.0731, KL=6.9049

2025-05-11 15:17:07,929 - INFO - Checkpoint saved to ./Train Data/Checkpoints/train 1\model_epoch_108.pth
2025-05-11 15:17:19,379 - INFO - Training losses for epoch 109: Total=0.0757, Recon=0.0688, KL=6.8636
2025-05-11 15:17:20,248 - INFO - Testing losses for epoch 109: Total=0.0799, Recon=0.0731, KL=6.7358

2025-05-11 15:17:22,604 - INFO - Checkpoint saved to ./Train Data/Checkpoints/train 1\model_epoch_109.pth
2025-05-11 15:17:34,160 - INFO - Training losses for epoch 110: Total=0.0757, Recon=0.0688, KL=6.8703
2025-05-11 15:17:35,149 - INFO - Testing losses for epoch 110: Total=0.0800, Recon=0.0732, KL=6.7568

2025-05-11 15:17:37,523 - INFO - Checkpoint saved to ./Train Data/Checkpoints/train 1\model_epoch_110.pth
2025-05-11 15:17:49,283 - INFO - Training losses for epoch 111: Total=0.0756, Recon=0.0687, KL=6.8724
2025-05-11 15:17:50,153 - INFO - Testing losses for epoch 111: Total=0.0800, Recon=0.0732, KL=6.7919

2025-05-11 15:17:52,513 - INFO - Checkpoint saved to ./Train Data/Checkpoints/train 1\model_epoch_111.pth
2025-05-11 15:18:04,126 - INFO - Training losses for epoch 112: Total=0.0756, Recon=0.0687, KL=6.8606
2025-05-11 15:18:04,995 - INFO - Testing losses for epoch 112: Total=0.0801, Recon=0.0733, KL=6.7484

2025-05-11 15:18:07,446 - INFO - Checkpoint saved to ./Train Data/Checkpoints/train 1\model_epoch_112.pth
2025-05-11 15:18:18,992 - INFO - Training losses for epoch 113: Total=0.0756, Recon=0.0687, KL=6.8770
2025-05-11 15:18:19,960 - INFO - Testing losses for epoch 113: Total=0.0802, Recon=0.0731, KL=7.0313

2025-05-11 15:18:22,308 - INFO - Checkpoint saved to ./Train Data/Checkpoints/train 1\model_epoch_113.pth
2025-05-11 15:18:33,927 - INFO - Training losses for epoch 114: Total=0.0756, Recon=0.0688, KL=6.8685
2025-05-11 15:18:34,793 - INFO - Testing losses for epoch 114: Total=0.0801, Recon=0.0731, KL=7.0074

2025-05-11 15:18:37,219 - INFO - Checkpoint saved to ./Train Data/Checkpoints/train 1\model_epoch_114.pth
2025-05-11 15:18:48,985 - INFO - Training losses for epoch 115: Total=0.0755, Recon=0.0686, KL=6.8678
2025-05-11 15:18:49,856 - INFO - Testing losses for epoch 115: Total=0.0801, Recon=0.0731, KL=7.0143

2025-05-11 15:18:52,348 - INFO - Checkpoint saved to ./Train Data/Checkpoints/train 1\model_epoch_115.pth
2025-05-11 15:19:03,867 - INFO - Training losses for epoch 116: Total=0.0755, Recon=0.0686, KL=6.8869
2025-05-11 15:19:04,741 - INFO - Testing losses for epoch 116: Total=0.0799, Recon=0.0733, KL=6.5784

2025-05-11 15:19:07,186 - INFO - Checkpoint saved to ./Train Data/Checkpoints/train 1\model_epoch_116.pth
2025-05-11 15:19:18,699 - INFO - Training losses for epoch 117: Total=0.0755, Recon=0.0686, KL=6.8860
2025-05-11 15:19:19,660 - INFO - Testing losses for epoch 117: Total=0.0798, Recon=0.0730, KL=6.8263

2025-05-11 15:19:22,048 - INFO - Checkpoint saved to ./Train Data/Checkpoints/train 1\model_epoch_117.pth
2025-05-11 15:19:33,578 - INFO - Training losses for epoch 118: Total=0.0755, Recon=0.0686, KL=6.8831
2025-05-11 15:19:34,438 - INFO - Testing losses for epoch 118: Total=0.0803, Recon=0.0737, KL=6.5939

2025-05-11 15:19:36,792 - INFO - Checkpoint saved to ./Train Data/Checkpoints/train 1\model_epoch_118.pth
2025-05-11 15:19:48,433 - INFO - Training losses for epoch 119: Total=0.0755, Recon=0.0686, KL=6.8843
2025-05-11 15:19:49,304 - INFO - Testing losses for epoch 119: Total=0.0803, Recon=0.0735, KL=6.7829

2025-05-11 15:19:51,739 - INFO - Checkpoint saved to ./Train Data/Checkpoints/train 1\model_epoch_119.pth
2025-05-11 15:20:03,282 - INFO - Training losses for epoch 120: Total=0.0754, Recon=0.0685, KL=6.9015
2025-05-11 15:20:04,288 - INFO - Testing losses for epoch 120: Total=0.0800, Recon=0.0731, KL=6.9650

2025-05-11 15:20:06,630 - INFO - Checkpoint saved to ./Train Data/Checkpoints/train 1\model_epoch_120.pth
2025-05-11 15:20:18,255 - INFO - Training losses for epoch 121: Total=0.0759, Recon=0.0689, KL=6.9823
2025-05-11 15:20:19,143 - INFO - Testing losses for epoch 121: Total=0.0804, Recon=0.0734, KL=6.9362

2025-05-11 15:20:21,535 - INFO - Checkpoint saved to ./Train Data/Checkpoints/train 1\model_epoch_121.pth
2025-05-11 15:20:35,593 - INFO - Training losses for epoch 122: Total=0.0758, Recon=0.0689, KL=6.9186
2025-05-11 15:20:36,820 - INFO - Testing losses for epoch 122: Total=0.0798, Recon=0.0728, KL=6.9487

2025-05-11 15:20:39,802 - INFO - Checkpoint saved to ./Train Data/Checkpoints/train 1\model_epoch_122.pth
2025-05-11 15:20:54,289 - INFO - Training losses for epoch 123: Total=0.0753, Recon=0.0684, KL=6.9091
2025-05-11 15:20:55,363 - INFO - Testing losses for epoch 123: Total=0.0798, Recon=0.0728, KL=6.9408

2025-05-11 15:20:57,822 - INFO - Checkpoint saved to ./Train Data/Checkpoints/train 1\model_epoch_123.pth
2025-05-11 15:21:10,658 - INFO - Training losses for epoch 124: Total=0.0752, Recon=0.0683, KL=6.8935
2025-05-11 15:21:12,059 - INFO - Testing losses for epoch 124: Total=0.0801, Recon=0.0732, KL=6.8597

2025-05-11 15:21:15,326 - INFO - Checkpoint saved to ./Train Data/Checkpoints/train 1\model_epoch_124.pth
2025-05-11 15:21:30,298 - INFO - Training losses for epoch 125: Total=0.0752, Recon=0.0683, KL=6.9088
2025-05-11 15:21:31,556 - INFO - Testing losses for epoch 125: Total=0.0803, Recon=0.0734, KL=6.8341

2025-05-11 15:21:34,474 - INFO - Checkpoint saved to ./Train Data/Checkpoints/train 1\model_epoch_125.pth
2025-05-11 15:21:48,648 - INFO - Training losses for epoch 126: Total=0.0752, Recon=0.0683, KL=6.9012
2025-05-11 15:21:49,905 - INFO - Testing losses for epoch 126: Total=0.0803, Recon=0.0736, KL=6.7142

2025-05-11 15:21:52,787 - INFO - Checkpoint saved to ./Train Data/Checkpoints/train 1\model_epoch_126.pth
2025-05-11 15:22:05,489 - INFO - Training losses for epoch 127: Total=0.0753, Recon=0.0684, KL=6.9092
2025-05-11 15:22:06,410 - INFO - Testing losses for epoch 127: Total=0.0799, Recon=0.0731, KL=6.7978

2025-05-11 15:22:09,202 - INFO - Checkpoint saved to ./Train Data/Checkpoints/train 1\model_epoch_127.pth
2025-05-11 15:22:21,765 - INFO - Training losses for epoch 128: Total=0.0752, Recon=0.0683, KL=6.9030
2025-05-11 15:22:22,790 - INFO - Testing losses for epoch 128: Total=0.0802, Recon=0.0732, KL=6.9526

2025-05-11 15:22:25,491 - INFO - Checkpoint saved to ./Train Data/Checkpoints/train 1\model_epoch_128.pth
2025-05-11 15:22:25,492 - INFO - Created latent space grid video with 384 frames at ./Train Data/Graphs/train 1\latent_space_1.avi
2025-05-11 15:22:25,494 - INFO - Created latent distribution video with 384 frames at ./Train Data/Graphs/train 1\latent_space_2.avi
