2025-05-11 15:24:44,606 - INFO - Using device: cuda
2025-05-11 15:24:44,606 - INFO - Starting training for 32 epochs from scratch
2025-05-11 15:25:08,520 - INFO - Training losses for epoch 1: Total=0.0922, Recon=0.0678, KL=24.4661
2025-05-11 15:25:09,640 - INFO - Best model saved to ./Train Data/Checkpoints/train 2\best_model.pth
2025-05-11 15:25:09,642 - INFO - Testing losses for epoch 1: Total=0.0555, Recon=0.0347, KL=20.8442

2025-05-11 15:25:12,010 - INFO - Checkpoint saved to ./Train Data/Checkpoints/train 2\model_epoch_1.pth
2025-05-11 15:25:25,594 - INFO - Training losses for epoch 2: Total=0.0585, Recon=0.0359, KL=22.6600
2025-05-11 15:25:26,590 - INFO - Best model saved to ./Train Data/Checkpoints/train 2\best_model.pth
2025-05-11 15:25:26,592 - INFO - Testing losses for epoch 2: Total=0.0515, Recon=0.0298, KL=21.7242

2025-05-11 15:25:28,933 - INFO - Checkpoint saved to ./Train Data/Checkpoints/train 2\model_epoch_2.pth
2025-05-11 15:25:40,976 - INFO - Training losses for epoch 3: Total=0.0533, Recon=0.0311, KL=22.2129
2025-05-11 15:25:42,017 - INFO - Best model saved to ./Train Data/Checkpoints/train 2\best_model.pth
2025-05-11 15:25:42,018 - INFO - Testing losses for epoch 3: Total=0.0498, Recon=0.0271, KL=22.7142

2025-05-11 15:25:44,140 - INFO - Checkpoint saved to ./Train Data/Checkpoints/train 2\model_epoch_3.pth
2025-05-11 15:25:56,135 - INFO - Training losses for epoch 4: Total=0.0505, Recon=0.0286, KL=21.8945
2025-05-11 15:25:57,051 - INFO - Best model saved to ./Train Data/Checkpoints/train 2\best_model.pth
2025-05-11 15:25:57,051 - INFO - Testing losses for epoch 4: Total=0.0483, Recon=0.0273, KL=21.0653

2025-05-11 15:25:59,835 - INFO - Checkpoint saved to ./Train Data/Checkpoints/train 2\model_epoch_4.pth
2025-05-11 15:26:15,809 - INFO - Training losses for epoch 5: Total=0.0487, Recon=0.0269, KL=21.7928
2025-05-11 15:26:17,006 - INFO - Best model saved to ./Train Data/Checkpoints/train 2\best_model.pth
2025-05-11 15:26:17,006 - INFO - Testing losses for epoch 5: Total=0.0478, Recon=0.0257, KL=22.0317

2025-05-11 15:26:19,087 - INFO - Checkpoint saved to ./Train Data/Checkpoints/train 2\model_epoch_5.pth
2025-05-11 15:26:29,682 - INFO - Training losses for epoch 6: Total=0.0478, Recon=0.0261, KL=21.7345
2025-05-11 15:26:30,702 - INFO - Best model saved to ./Train Data/Checkpoints/train 2\best_model.pth
2025-05-11 15:26:30,703 - INFO - Testing losses for epoch 6: Total=0.0475, Recon=0.0263, KL=21.2336

2025-05-11 15:26:32,837 - INFO - Checkpoint saved to ./Train Data/Checkpoints/train 2\model_epoch_6.pth
2025-05-11 15:26:43,992 - INFO - Training losses for epoch 7: Total=0.0472, Recon=0.0254, KL=21.7439
2025-05-11 15:26:44,933 - INFO - Best model saved to ./Train Data/Checkpoints/train 2\best_model.pth
2025-05-11 15:26:44,934 - INFO - Testing losses for epoch 7: Total=0.0465, Recon=0.0247, KL=21.7851

2025-05-11 15:26:47,055 - INFO - Checkpoint saved to ./Train Data/Checkpoints/train 2\model_epoch_7.pth
2025-05-11 15:26:57,858 - INFO - Training losses for epoch 8: Total=0.0466, Recon=0.0249, KL=21.6980
2025-05-11 15:26:58,786 - INFO - Best model saved to ./Train Data/Checkpoints/train 2\best_model.pth
2025-05-11 15:26:58,787 - INFO - Testing losses for epoch 8: Total=0.0458, Recon=0.0243, KL=21.5459

2025-05-11 15:27:00,831 - INFO - Checkpoint saved to ./Train Data/Checkpoints/train 2\model_epoch_8.pth
2025-05-11 15:27:11,771 - INFO - Training losses for epoch 9: Total=0.0462, Recon=0.0245, KL=21.6905
2025-05-11 15:27:12,674 - INFO - Best model saved to ./Train Data/Checkpoints/train 2\best_model.pth
2025-05-11 15:27:12,674 - INFO - Testing losses for epoch 9: Total=0.0457, Recon=0.0237, KL=22.0040

2025-05-11 15:27:14,679 - INFO - Checkpoint saved to ./Train Data/Checkpoints/train 2\model_epoch_9.pth
2025-05-11 15:27:25,256 - INFO - Training losses for epoch 10: Total=0.0457, Recon=0.0241, KL=21.6449
2025-05-11 15:27:26,295 - INFO - Best model saved to ./Train Data/Checkpoints/train 2\best_model.pth
2025-05-11 15:27:26,295 - INFO - Testing losses for epoch 10: Total=0.0451, Recon=0.0239, KL=21.2453

2025-05-11 15:27:28,209 - INFO - Checkpoint saved to ./Train Data/Checkpoints/train 2\model_epoch_10.pth
2025-05-11 15:27:38,895 - INFO - Training losses for epoch 11: Total=0.0453, Recon=0.0237, KL=21.6200
2025-05-11 15:27:39,842 - INFO - Best model saved to ./Train Data/Checkpoints/train 2\best_model.pth
2025-05-11 15:27:39,842 - INFO - Testing losses for epoch 11: Total=0.0449, Recon=0.0236, KL=21.3623

2025-05-11 15:27:41,840 - INFO - Checkpoint saved to ./Train Data/Checkpoints/train 2\model_epoch_11.pth
2025-05-11 15:27:52,621 - INFO - Training losses for epoch 12: Total=0.0450, Recon=0.0234, KL=21.5921
2025-05-11 15:27:53,517 - INFO - Best model saved to ./Train Data/Checkpoints/train 2\best_model.pth
2025-05-11 15:27:53,518 - INFO - Testing losses for epoch 12: Total=0.0449, Recon=0.0244, KL=20.5306

2025-05-11 15:27:55,442 - INFO - Checkpoint saved to ./Train Data/Checkpoints/train 2\model_epoch_12.pth
2025-05-11 15:28:06,228 - INFO - Training losses for epoch 13: Total=0.0447, Recon=0.0231, KL=21.5758
2025-05-11 15:28:07,132 - INFO - Best model saved to ./Train Data/Checkpoints/train 2\best_model.pth
2025-05-11 15:28:07,132 - INFO - Testing losses for epoch 13: Total=0.0444, Recon=0.0221, KL=22.3090

2025-05-11 15:28:09,132 - INFO - Checkpoint saved to ./Train Data/Checkpoints/train 2\model_epoch_13.pth
2025-05-11 15:28:19,748 - INFO - Training losses for epoch 14: Total=0.0445, Recon=0.0229, KL=21.5695
2025-05-11 15:28:20,682 - INFO - Best model saved to ./Train Data/Checkpoints/train 2\best_model.pth
2025-05-11 15:28:20,682 - INFO - Testing losses for epoch 14: Total=0.0442, Recon=0.0230, KL=21.1703

2025-05-11 15:28:22,697 - INFO - Checkpoint saved to ./Train Data/Checkpoints/train 2\model_epoch_14.pth
2025-05-11 15:28:33,680 - INFO - Training losses for epoch 15: Total=0.0443, Recon=0.0227, KL=21.5118
2025-05-11 15:28:34,693 - INFO - Best model saved to ./Train Data/Checkpoints/train 2\best_model.pth
2025-05-11 15:28:34,694 - INFO - Testing losses for epoch 15: Total=0.0441, Recon=0.0228, KL=21.2840

2025-05-11 15:28:36,585 - INFO - Checkpoint saved to ./Train Data/Checkpoints/train 2\model_epoch_15.pth
2025-05-11 15:28:47,125 - INFO - Training losses for epoch 16: Total=0.0440, Recon=0.0225, KL=21.5225
2025-05-11 15:28:48,167 - INFO - Best model saved to ./Train Data/Checkpoints/train 2\best_model.pth
2025-05-11 15:28:48,167 - INFO - Testing losses for epoch 16: Total=0.0438, Recon=0.0228, KL=21.0250

2025-05-11 15:28:50,046 - INFO - Checkpoint saved to ./Train Data/Checkpoints/train 2\model_epoch_16.pth
2025-05-11 15:29:00,778 - INFO - Training losses for epoch 17: Total=0.0438, Recon=0.0223, KL=21.4975
2025-05-11 15:29:01,732 - INFO - Best model saved to ./Train Data/Checkpoints/train 2\best_model.pth
2025-05-11 15:29:01,733 - INFO - Testing losses for epoch 17: Total=0.0437, Recon=0.0222, KL=21.4662

2025-05-11 15:29:03,602 - INFO - Checkpoint saved to ./Train Data/Checkpoints/train 2\model_epoch_17.pth
2025-05-11 15:29:14,172 - INFO - Training losses for epoch 18: Total=0.0437, Recon=0.0222, KL=21.4629
2025-05-11 15:29:15,128 - INFO - Best model saved to ./Train Data/Checkpoints/train 2\best_model.pth
2025-05-11 15:29:15,129 - INFO - Testing losses for epoch 18: Total=0.0437, Recon=0.0219, KL=21.7329

2025-05-11 15:29:17,016 - INFO - Checkpoint saved to ./Train Data/Checkpoints/train 2\model_epoch_18.pth
2025-05-11 15:29:27,518 - INFO - Training losses for epoch 19: Total=0.0436, Recon=0.0221, KL=21.4734
2025-05-11 15:29:28,430 - INFO - Best model saved to ./Train Data/Checkpoints/train 2\best_model.pth
2025-05-11 15:29:28,431 - INFO - Testing losses for epoch 19: Total=0.0435, Recon=0.0219, KL=21.6121

2025-05-11 15:29:30,406 - INFO - Checkpoint saved to ./Train Data/Checkpoints/train 2\model_epoch_19.pth
2025-05-11 15:29:41,139 - INFO - Training losses for epoch 20: Total=0.0433, Recon=0.0219, KL=21.4306
2025-05-11 15:29:42,066 - INFO - Best model saved to ./Train Data/Checkpoints/train 2\best_model.pth
2025-05-11 15:29:42,066 - INFO - Testing losses for epoch 20: Total=0.0433, Recon=0.0220, KL=21.2511

2025-05-11 15:29:44,122 - INFO - Checkpoint saved to ./Train Data/Checkpoints/train 2\model_epoch_20.pth
2025-05-11 15:29:55,012 - INFO - Training losses for epoch 21: Total=0.0433, Recon=0.0218, KL=21.4621
2025-05-11 15:29:55,918 - INFO - Testing losses for epoch 21: Total=0.0434, Recon=0.0220, KL=21.3344

2025-05-11 15:29:57,882 - INFO - Checkpoint saved to ./Train Data/Checkpoints/train 2\model_epoch_21.pth
2025-05-11 15:30:08,459 - INFO - Training losses for epoch 22: Total=0.0431, Recon=0.0217, KL=21.4105
2025-05-11 15:30:09,329 - INFO - Best model saved to ./Train Data/Checkpoints/train 2\best_model.pth
2025-05-11 15:30:09,329 - INFO - Testing losses for epoch 22: Total=0.0430, Recon=0.0217, KL=21.2431

2025-05-11 15:30:11,379 - INFO - Checkpoint saved to ./Train Data/Checkpoints/train 2\model_epoch_22.pth
2025-05-11 15:30:21,904 - INFO - Training losses for epoch 23: Total=0.0430, Recon=0.0216, KL=21.4092
2025-05-11 15:30:22,788 - INFO - Testing losses for epoch 23: Total=0.0431, Recon=0.0224, KL=20.7098

2025-05-11 15:30:24,840 - INFO - Checkpoint saved to ./Train Data/Checkpoints/train 2\model_epoch_23.pth
2025-05-11 15:30:35,626 - INFO - Training losses for epoch 24: Total=0.0429, Recon=0.0215, KL=21.3891
2025-05-11 15:30:36,700 - INFO - Testing losses for epoch 24: Total=0.0431, Recon=0.0222, KL=20.8628

2025-05-11 15:30:38,765 - INFO - Checkpoint saved to ./Train Data/Checkpoints/train 2\model_epoch_24.pth
2025-05-11 15:30:49,670 - INFO - Training losses for epoch 25: Total=0.0428, Recon=0.0214, KL=21.3921
2025-05-11 15:30:50,583 - INFO - Best model saved to ./Train Data/Checkpoints/train 2\best_model.pth
2025-05-11 15:30:50,584 - INFO - Testing losses for epoch 25: Total=0.0427, Recon=0.0212, KL=21.5600

2025-05-11 15:30:52,581 - INFO - Checkpoint saved to ./Train Data/Checkpoints/train 2\model_epoch_25.pth
2025-05-11 15:31:03,434 - INFO - Training losses for epoch 26: Total=0.0427, Recon=0.0213, KL=21.3904
2025-05-11 15:31:04,399 - INFO - Best model saved to ./Train Data/Checkpoints/train 2\best_model.pth
2025-05-11 15:31:04,400 - INFO - Testing losses for epoch 26: Total=0.0427, Recon=0.0215, KL=21.2160

2025-05-11 15:31:06,352 - INFO - Checkpoint saved to ./Train Data/Checkpoints/train 2\model_epoch_26.pth
2025-05-11 15:31:17,101 - INFO - Training losses for epoch 27: Total=0.0426, Recon=0.0212, KL=21.3811
2025-05-11 15:31:18,007 - INFO - Best model saved to ./Train Data/Checkpoints/train 2\best_model.pth
2025-05-11 15:31:18,008 - INFO - Testing losses for epoch 27: Total=0.0427, Recon=0.0211, KL=21.6118

2025-05-11 15:31:20,058 - INFO - Checkpoint saved to ./Train Data/Checkpoints/train 2\model_epoch_27.pth
2025-05-11 15:31:30,594 - INFO - Training losses for epoch 28: Total=0.0426, Recon=0.0212, KL=21.3917
2025-05-11 15:31:31,517 - INFO - Best model saved to ./Train Data/Checkpoints/train 2\best_model.pth
2025-05-11 15:31:31,517 - INFO - Testing losses for epoch 28: Total=0.0426, Recon=0.0217, KL=20.8829

2025-05-11 15:31:33,543 - INFO - Checkpoint saved to ./Train Data/Checkpoints/train 2\model_epoch_28.pth
2025-05-11 15:31:44,292 - INFO - Training losses for epoch 29: Total=0.0424, Recon=0.0211, KL=21.3629
2025-05-11 15:31:45,288 - INFO - Best model saved to ./Train Data/Checkpoints/train 2\best_model.pth
2025-05-11 15:31:45,289 - INFO - Testing losses for epoch 29: Total=0.0426, Recon=0.0209, KL=21.6253

2025-05-11 15:31:47,234 - INFO - Checkpoint saved to ./Train Data/Checkpoints/train 2\model_epoch_29.pth
2025-05-11 15:31:57,931 - INFO - Training losses for epoch 30: Total=0.0424, Recon=0.0210, KL=21.3512
2025-05-11 15:31:58,952 - INFO - Best model saved to ./Train Data/Checkpoints/train 2\best_model.pth
2025-05-11 15:31:58,952 - INFO - Testing losses for epoch 30: Total=0.0426, Recon=0.0210, KL=21.5490

2025-05-11 15:32:00,915 - INFO - Checkpoint saved to ./Train Data/Checkpoints/train 2\model_epoch_30.pth
2025-05-11 15:32:11,442 - INFO - Training losses for epoch 31: Total=0.0424, Recon=0.0210, KL=21.3919
2025-05-11 15:32:12,387 - INFO - Best model saved to ./Train Data/Checkpoints/train 2\best_model.pth
2025-05-11 15:32:12,387 - INFO - Testing losses for epoch 31: Total=0.0424, Recon=0.0213, KL=21.0588

2025-05-11 15:32:14,330 - INFO - Checkpoint saved to ./Train Data/Checkpoints/train 2\model_epoch_31.pth
2025-05-11 15:32:24,926 - INFO - Training losses for epoch 32: Total=0.0422, Recon=0.0209, KL=21.3422
2025-05-11 15:32:25,853 - INFO - Best model saved to ./Train Data/Checkpoints/train 2\best_model.pth
2025-05-11 15:32:25,854 - INFO - Testing losses for epoch 32: Total=0.0424, Recon=0.0211, KL=21.2126

2025-05-11 15:32:27,751 - INFO - Checkpoint saved to ./Train Data/Checkpoints/train 2\model_epoch_32.pth
2025-05-11 15:32:27,753 - INFO - Created latent space grid video with 96 frames at ./Train Data/Graphs/train 2\latent_space_1.avi
